<?xml version="1.0" encoding="UTF-8"?>
<!-- Generated by org.testng.reporters.JUnitReportReporter -->
<testsuite hostname="QT-INBG-LT0716" failures="0" tests="1" name="TestNG_ASSIGnement.Contact_us" time="12.620" errors="0" timestamp="2022-08-02T14:25:50 IST" skipped="0">
  <testcase classname="TestNG_ASSIGnement.Contact_us" name="contact" time="12.620"/>
  <system-out/>
</testsuite> <!-- TestNG_ASSIGnement.Contact_us -->
