<?xml version="1.0" encoding="UTF-8"?>
<!-- Generated by org.testng.reporters.JUnitReportReporter -->
<testsuite hostname="QT-INBG-LT0716" failures="0" tests="1" name="TestNG_ASSIGnement.signup" time="12.869" errors="0" timestamp="2022-07-15T11:54:09 IST" skipped="0">
  <testcase classname="TestNG_ASSIGnement.signup" name="sign" time="12.869"/>
  <system-out/>
</testsuite> <!-- TestNG_ASSIGnement.signup -->
