<?xml version="1.0" encoding="UTF-8"?>
<!-- Generated by org.testng.reporters.JUnitReportReporter -->
<testsuite hostname="QT-INBG-LT0716" failures="0" tests="1" name="Pom.Order_main" time="8.318" errors="0" timestamp="2022-07-15T09:38:04 IST" skipped="0">
  <testcase classname="Pom.Order_main" name="order" time="8.318"/>
  <system-out/>
</testsuite> <!-- Pom.Order_main -->
