<?xml version="1.0" encoding="UTF-8"?>
<!-- Generated by org.testng.reporters.JUnitReportReporter -->
<testsuite hostname="QT-INBG-LT0716" failures="0" tests="2" name="Pom.Signin_signup" time="15.596" errors="0" timestamp="2022-07-15T09:36:17 IST" skipped="0">
  <testcase classname="Pom.Signin_signup" name="mb" time="9.040"/>
  <system-out/>
  <testcase classname="Pom.Signin_signup" name="mb1" time="6.556"/>
  <system-out/>
</testsuite> <!-- Pom.Signin_signup -->
