<?xml version="1.0" encoding="UTF-8"?>
<!-- Generated by org.testng.reporters.JUnitReportReporter -->
<testsuite hostname="QT-INBG-LT0716" failures="0" tests="1" name="TestNG_ASSIGnement.Order_mobile" time="13.730" errors="0" timestamp="2022-07-15T11:59:42 IST" skipped="0">
  <testcase classname="TestNG_ASSIGnement.Order_mobile" name="Order" time="13.730"/>
  <system-out/>
</testsuite> <!-- TestNG_ASSIGnement.Order_mobile -->
