<?xml version="1.0" encoding="UTF-8"?>
<!-- Generated by org.testng.reporters.JUnitReportReporter -->
<testsuite hostname="QT-INBG-LT0716" failures="0" tests="2" name="Pom.MOBILE_WORLD" time="16.917" errors="0" timestamp="2022-07-14T17:57:22 IST" skipped="0">
  <testcase classname="Pom.MOBILE_WORLD" name="mb1" time="7.707"/>
  <system-out/>
  <testcase classname="Pom.MOBILE_WORLD" name="mb" time="9.210"/>
  <system-out/>
</testsuite> <!-- Pom.MOBILE_WORLD -->
